#
# There is insufficient memory for the Java Runtime Environment to continue.
# Native memory allocation (mmap) failed to map 8388608 bytes for G1 virtual space
# Possible reasons:
#   The system is out of physical RAM or swap space
#   The process is running with CompressedOops enabled, and the Java Heap may be blocking the growth of the native heap
# Possible solutions:
#   Reduce memory load on the system
#   Increase physical memory or swap space
#   Check if swap backing store is full
#   Decrease Java heap size (-Xmx/-Xms)
#   Decrease number of Java threads
#   Decrease Java thread stack sizes (-Xss)
#   Set larger code cache with -XX:ReservedCodeCacheSize=
#   JVM is running with Unscaled Compressed Oops mode in which the Java heap is
#     placed in the first 4GB address space. The Java Heap base address is the
#     maximum limit for the native heap growth. Please use -XX:HeapBaseMinAddress
#     to set the Java Heap base and to place the Java Heap above 4GB virtual address.
# This output file may be truncated or incomplete.
#
#  Out of Memory Error (os_windows.cpp:3466), pid=9676, tid=8592
#
# JRE version:  (16.0+36) (build )
# Java VM: Java HotSpot(TM) 64-Bit Server VM (16+36-2231, mixed mode, sharing, tiered, compressed oops, g1 gc, windows-amd64)
# No core dump will be written. Minidumps are not enabled by default on client versions of Windows
#

---------------  S U M M A R Y ------------

Command Line: -Dapplication.home=C:\Program Files\Java\jdk-16 --add-modules=ALL-DEFAULT -Xms8m -Djdk.module.main=jdk.compiler jdk.compiler/com.sun.tools.javac.Main -d C:\Users\DELL\Documents\practicproject\assignment3_Registrationform\build\classes -classpath C:\Users\DELL\Documents\practicproject\assignment3_Registrationform\build\classes;C:\Users\DELL\Documents\practicproject\assignment3_Registrationform\lib\Jcalander\jcalendar-1.4.jar -sourcepath C:\Users\DELL\Documents\practicproject\assignment3_Registrationform\src -target 16 -encoding UTF-8 -g -processorpath C:\Users\DELL\Documents\practicproject\assignment3_Registrationform\lib\Jcalander\jcalendar-1.4.jar;C:\Users\DELL\Documents\practicproject\assignment3_Registrationform\build\empty -s C:\Users\DELL\Documents\practicproject\assignment3_Registrationform\build\generated-sources\ap-source-output -source 16 C:\Users\DELL\Documents\practicproject\assignment3_Registrationform\src\assignment3_registrationform\rejistrationform.java

Host: Intel(R) Core(TM) i5-5200U CPU @ 2.20GHz, 4 cores, 7G,  Windows 10 , 64 bit Build 19041 (10.0.19041.804)
Time: Sat Apr  3 18:43:20 2021 Pakistan Standard Time elapsed time: 0.137350 seconds (0d 0h 0m 0s)

---------------  T H R E A D  ---------------

Current thread (0x000001d1c806ca60):  JavaThread "Unknown thread" [_thread_in_vm, id=8592, stack(0x0000007799200000,0x0000007799300000)]

Stack: [0x0000007799200000,0x0000007799300000]
Native frames: (J=compiled Java code, j=interpreted, Vv=VM code, C=native code)
V  [jvm.dll+0x6681da]
V  [jvm.dll+0x7c9d99]
V  [jvm.dll+0x7cb4d3]
V  [jvm.dll+0x7cbb33]
V  [jvm.dll+0x242ee5]
V  [jvm.dll+0x664f99]
V  [jvm.dll+0x659b85]
V  [jvm.dll+0x2fbfcb]
V  [jvm.dll+0x3031c6]
V  [jvm.dll+0x352a0e]
V  [jvm.dll+0x352c3f]
V  [jvm.dll+0x2d3038]
V  [jvm.dll+0x2d4274]
V  [jvm.dll+0x79c691]
V  [jvm.dll+0x3607b1]
V  [jvm.dll+0x77a370]
V  [jvm.dll+0x3e501f]
V  [jvm.dll+0x3e6af1]
C  [jli.dll+0x52fb]
C  [ucrtbase.dll+0x21bb2]
C  [KERNEL32.DLL+0x17034]
C  [ntdll.dll+0x52651]


---------------  P R O C E S S  ---------------

Threads class SMR info:
_java_thread_list=0x00007ffb269fcbb8, length=0, elements={
}

Java Threads: ( => current thread )

Other Threads:
  0x000001d1c80aa450 GCTaskThread "GC Thread#0" [stack: 0x0000007799300000,0x0000007799400000] [id=1620]
  0x000001d1c80bd600 ConcurrentGCThread "G1 Main Marker" [stack: 0x0000007799400000,0x0000007799500000] [id=17236]
  0x000001d1c80bf7b0 ConcurrentGCThread "G1 Conc#0" [stack: 0x0000007799500000,0x0000007799600000] [id=17116]

[error occurred during error reporting (printing all threads), id 0xc0000005, EXCEPTION_ACCESS_VIOLATION (0xc0000005) at pc=0x00007ffb261d3ef7]

VM state: not at safepoint (not fully initialized)

VM Mutex/Monitor currently owned by a thread:  ([mutex/lock_event])
[0x000001d1c8068230] Heap_lock - owner thread: 0x000001d1c806ca60

Heap address: 0x0000000081600000, size: 2026 MB, Compressed Oops mode: 32-bit
CDS archive(s) mapped at: [0x0000000000000000-0x0000000000000000-0x0000000000000000), size 0, SharedBaseAddress: 0x0000000800000000, ArchiveRelocationMode: 0.
Narrow klass base: 0x0000000000000000, Narrow klass shift: 0, Narrow klass range: 0x0

GC Precious Log:
<Empty>

Heap:
 garbage-first heap   total 0K, used 0K [0x0000000081600000, 0x0000000100000000)
  region size 1024K, 0 young (0K), 0 survivors (0K)

[error occurred during error reporting (printing heap information), id 0xc0000005, EXCEPTION_ACCESS_VIOLATION (0xc0000005) at pc=0x00007ffb265b1edd]

GC Heap History (0 events):
No events

Deoptimization events (0 events):
No events

Classes unloaded (0 events):
No events

Classes redefined (0 events):
No events

Internal exceptions (0 events):
No events

Events (1 events):
Event: 0.012 Loaded shared library C:\Program Files\Java\jdk-16\bin\java.dll


Dynamic libraries:
0x00007ff69cc50000 - 0x00007ff69cc58000 	C:\Program Files\Java\jdk-16\bin\javac.exe
0x00007ffb69d50000 - 0x00007ffb69f45000 	C:\WINDOWS\SYSTEM32\ntdll.dll
0x00007ffb69ad0000 - 0x00007ffb69b8d000 	C:\WINDOWS\System32\KERNEL32.DLL
0x00007ffb679e0000 - 0x00007ffb67ca9000 	C:\WINDOWS\System32\KERNELBASE.dll
0x00007ffb67cb0000 - 0x00007ffb67db0000 	C:\WINDOWS\System32\ucrtbase.dll
0x00007ffb5e4f0000 - 0x00007ffb5e508000 	C:\Program Files\Java\jdk-16\bin\jli.dll
0x00007ffb55790000 - 0x00007ffb557a9000 	C:\Program Files\Java\jdk-16\bin\VCRUNTIME140.dll
0x00007ffb689f0000 - 0x00007ffb68a9c000 	C:\WINDOWS\System32\ADVAPI32.dll
0x00007ffb69c70000 - 0x00007ffb69d0e000 	C:\WINDOWS\System32\msvcrt.dll
0x00007ffb69160000 - 0x00007ffb691fc000 	C:\WINDOWS\System32\sechost.dll
0x00007ffb68030000 - 0x00007ffb6815b000 	C:\WINDOWS\System32\RPCRT4.dll
0x00007ffb67db0000 - 0x00007ffb67f50000 	C:\WINDOWS\System32\USER32.dll
0x00007ffb67490000 - 0x00007ffb674b2000 	C:\WINDOWS\System32\win32u.dll
0x00007ffb689c0000 - 0x00007ffb689ea000 	C:\WINDOWS\System32\GDI32.dll
0x00007ffb51100000 - 0x00007ffb5139a000 	C:\WINDOWS\WinSxS\amd64_microsoft.windows.common-controls_6595b64144ccf1df_6.0.19041.844_none_ca00b6081b84eb1d\COMCTL32.dll
0x00007ffb678d0000 - 0x00007ffb679db000 	C:\WINDOWS\System32\gdi32full.dll
0x00007ffb675f0000 - 0x00007ffb6768d000 	C:\WINDOWS\System32\msvcp_win.dll
0x00007ffb5cd30000 - 0x00007ffb5cd3a000 	C:\WINDOWS\SYSTEM32\VERSION.dll
0x00007ffb68ca0000 - 0x00007ffb68cd0000 	C:\WINDOWS\System32\IMM32.DLL
0x00007ffb55290000 - 0x00007ffb5529c000 	C:\Program Files\Java\jdk-16\bin\vcruntime140_1.dll
0x00007ffb49b60000 - 0x00007ffb49bf1000 	C:\Program Files\Java\jdk-16\bin\msvcp140.dll
0x00007ffb25ef0000 - 0x00007ffb26a9b000 	C:\Program Files\Java\jdk-16\bin\server\jvm.dll
0x00007ffb68d30000 - 0x00007ffb68d38000 	C:\WINDOWS\System32\PSAPI.DLL
0x00007ffb59cd0000 - 0x00007ffb59cd9000 	C:\WINDOWS\SYSTEM32\WSOCK32.dll
0x00007ffb5b140000 - 0x00007ffb5b167000 	C:\WINDOWS\SYSTEM32\WINMM.dll
0x00007ffb68c30000 - 0x00007ffb68c9b000 	C:\WINDOWS\System32\WS2_32.dll
0x00007ffb65d60000 - 0x00007ffb65d72000 	C:\WINDOWS\SYSTEM32\kernel.appcore.dll
0x00007ffb55280000 - 0x00007ffb5528a000 	C:\Program Files\Java\jdk-16\bin\jimage.dll
0x00007ffb65260000 - 0x00007ffb65444000 	C:\WINDOWS\SYSTEM32\DBGHELP.DLL
0x00007ffb5f3b0000 - 0x00007ffb5f3dc000 	C:\WINDOWS\SYSTEM32\dbgcore.DLL
0x00007ffb67690000 - 0x00007ffb67710000 	C:\WINDOWS\System32\bcryptPrimitives.dll
0x00007ffb517d0000 - 0x00007ffb517f5000 	C:\Program Files\Java\jdk-16\bin\java.dll

dbghelp: loaded successfully - version: 4.0.5 - missing functions: none
symbol engine: initialized successfully - sym options: 0x614 - pdb path: .;C:\Program Files\Java\jdk-16\bin;C:\WINDOWS\SYSTEM32;C:\WINDOWS\WinSxS\amd64_microsoft.windows.common-controls_6595b64144ccf1df_6.0.19041.844_none_ca00b6081b84eb1d;C:\Program Files\Java\jdk-16\bin\server

VM Arguments:
jvm_args: -Dapplication.home=C:\Program Files\Java\jdk-16 --add-modules=ALL-DEFAULT -Xms8m -Djdk.module.main=jdk.compiler 
java_command: jdk.compiler/com.sun.tools.javac.Main -d C:\Users\DELL\Documents\practicproject\assignment3_Registrationform\build\classes -classpath C:\Users\DELL\Documents\practicproject\assignment3_Registrationform\build\classes;C:\Users\DELL\Documents\practicproject\assignment3_Registrationform\lib\Jcalander\jcalendar-1.4.jar -sourcepath C:\Users\DELL\Documents\practicproject\assignment3_Registrationform\src -target 16 -encoding UTF-8 -g -processorpath C:\Users\DELL\Documents\practicproject\assignment3_Registrationform\lib\Jcalander\jcalendar-1.4.jar;C:\Users\DELL\Documents\practicproject\assignment3_Registrationform\build\empty -s C:\Users\DELL\Documents\practicproject\assignment3_Registrationform\build\generated-sources\ap-source-output -source 16 C:\Users\DELL\Documents\practicproject\assignment3_Registrationform\src\assignment3_registrationform\rejistrationform.java
java_class_path (initial): <not set>
Launcher Type: SUN_STANDARD

[Global flags]
     intx CICompilerCount                          = 3                                         {product} {ergonomic}
     uint ConcGCThreads                            = 1                                         {product} {ergonomic}
     uint G1ConcRefinementThreads                  = 4                                         {product} {ergonomic}
   size_t G1HeapRegionSize                         = 1048576                                   {product} {ergonomic}
    uintx GCDrainStackTargetSize                   = 64                                        {product} {ergonomic}
   size_t InitialHeapSize                          = 8388608                                   {product} {command line}
   size_t MarkStackSize                            = 4194304                                   {product} {ergonomic}
   size_t MaxHeapSize                              = 2124414976                                {product} {ergonomic}
   size_t MinHeapDeltaBytes                        = 1048576                                   {product} {ergonomic}
   size_t MinHeapSize                              = 8388608                                   {product} {command line}
    uintx NonNMethodCodeHeapSize                   = 5832780                                {pd product} {ergonomic}
    uintx NonProfiledCodeHeapSize                  = 122912730                              {pd product} {ergonomic}
    uintx ProfiledCodeHeapSize                     = 122912730                              {pd product} {ergonomic}
    uintx ReservedCodeCacheSize                    = 251658240                              {pd product} {ergonomic}
     bool SegmentedCodeCache                       = true                                      {product} {ergonomic}
   size_t SoftMaxHeapSize                          = 2124414976                             {manageable} {ergonomic}
     bool UseCompressedClassPointers               = true                           {product lp64_product} {ergonomic}
     bool UseCompressedOops                        = true                           {product lp64_product} {ergonomic}
     bool UseG1GC                                  = true                                      {product} {ergonomic}
     bool UseLargePagesIndividualAllocation        = false                                  {pd product} {ergonomic}

Logging:
Log output configuration:
 #0: stdout all=warning uptime,level,tags
 #1: stderr all=off uptime,level,tags

Environment Variables:
PATH=C:\Program Files\Common Files\Oracle\Java\javapath;C:\Ruby27-x64\bin;C:\WINDOWS\system32;C:\WINDOWS;C:\WINDOWS\System32\Wbem;C:\WINDOWS\System32\WindowsPowerShell\v1.0\;C:\WINDOWS\System32\OpenSSH\;C:\Program Files\Microsoft SQL Server\110\Tools\Binn\;C:\wamp64\bin\php\php5.6.40;C:\ProgramData\ComposerSetup\bin;C:\WINDOWS\system32\config\systemprofile\.dnx\bin;C:\Program Files\Microsoft DNX\Dnvm\;C:\Program Files\Microsoft SQL Server\120\Tools\Binn\;C:\Program Files\Microsoft SQL Server\130\Tools\Binn\;C:\Program Files\Microsoft SQL Server\Client SDK\ODBC\170\Tools\Binn\;C:\Program Files (x86)\Microsoft SQL Server\150\Tools\Binn\;C:\Program Files\Microsoft SQL Server\150\Tools\Binn\;C:\Program Files\Microsoft SQL Server\150\DTS\Binn\;C:\Program Files (x86)\Microsoft SQL Server\150\DTS\Binn\;C:\Program Files\Azure Data Studio\bin;C:\Program Files\Git\cmd;C:\Program Files\Git\mingw64\bin;C:\Program Files\Git\usr\bin;C:\Users\DELL\AppData\Local\Programs\Python\Python39\Scripts\;C:\Users\DELL\AppData\Local\Programs\Python\Python39\;C:\Ruby27-x64\bin;C:\Users\DELL\AppData\Local\Microsoft\WindowsApps;C:\Users\DELL\AppData\Local\atom\bin;C:\Users\DELL\AppData\Roaming\Composer\vendor\bin;C:\Users\DELL\AppData\Local\Microsoft\WindowsApps;;C:\Program Files\Azure Data Studio\bin;C:\Program Files\JetBrains\RubyMine 2020.3.1\bin;;C:\Users\DELL\Microsoft VS Code\bin
USERNAME=DELL
OS=Windows_NT
PROCESSOR_IDENTIFIER=Intel64 Family 6 Model 61 Stepping 4, GenuineIntel



---------------  S Y S T E M  ---------------

OS:
 Windows 10 , 64 bit Build 19041 (10.0.19041.804)
OS uptime: 15 days 22:32 hours
Hyper-V role detected

CPU: total 4 (initial active 4) (2 cores per cpu, 2 threads per core) family 6 model 61 stepping 4 microcode 0x2d, cx8, cmov, fxsr, ht, mmx, 3dnowpref, sse, sse2, sse3, ssse3, sse4.1, sse4.2, popcnt, lzcnt, tsc, tscinvbit, avx, avx2, aes, erms, clmul, bmi1, bmi2, adx, fma, vzeroupper, clflush, hv

Memory: 4k page, system-wide physical 8096M (2692M free)
TotalPageFile size 12778M (AvailPageFile size 11M)
current process WorkingSet (physical memory assigned to process): 10M, peak: 10M
current process commit charge ("private bytes"): 51M, peak: 59M

vm_info: Java HotSpot(TM) 64-Bit Server VM (16+36-2231) for windows-amd64 JRE (16+36-2231), built on Feb  8 2021 11:43:10 by "mach5one" with MS VC++ 16.7 (VS2019)

END.
